{"timestamp":"2026-01-30 22:42:58","tipo":"eliminacion_venta","venta_id":"106","eliminar_motivo":"el cliente no tiene con que pagar","venta_total":"15000","sesion_nombres":"Pepito","sesion_apellidos":"Perez","sesion_local":"Pamplona Parrilla"}
{"timestamp":"2026-01-30 22:45:17","tipo":"eliminacion_venta","venta_id":"107","eliminar_motivo":"\u00f3rden de administraci\u00f3n","venta_total":"170000","sesion_nombres":"Pepito","sesion_apellidos":"Perez","sesion_local":"Pamplona Parrilla"}
{"timestamp":"2026-01-30 22:48:59","tipo":"eliminacion_venta","venta_id":"109","eliminar_motivo":"la venta es muy antigua","venta_total":"15000","sesion_nombres":"Pepito","sesion_apellidos":"Perez","sesion_local":"Pamplona Parrilla"}
{"timestamp":"2026-01-30 22:49:30","tipo":"eliminacion_venta","venta_id":"108","eliminar_motivo":"la venta es muy antigua","venta_total":"15000","sesion_nombres":"Pepito","sesion_apellidos":"Perez","sesion_local":"Pamplona Parrilla"}
{"timestamp":"2026-01-30 22:51:00","tipo":"eliminacion_venta","venta_id":"110","eliminar_motivo":"el cliente no tiene con que pagar","venta_total":"25000","sesion_nombres":"Pepito","sesion_apellidos":"Perez","sesion_local":"Pamplona Parrilla"}
{"timestamp":"2026-01-30 22:51:05","tipo":"eliminacion_venta","venta_id":"110","eliminar_motivo":"el cliente no tiene con que pagar","venta_total":"25000","sesion_nombres":"Pepito","sesion_apellidos":"Perez","sesion_local":"Pamplona Parrilla"}
{"timestamp":"2026-01-30 22:51:37","tipo":"eliminacion_venta","venta_id":"110","eliminar_motivo":"el cliente no tiene con que pagar","venta_total":"25000","sesion_nombres":"Pepito","sesion_apellidos":"Perez","sesion_local":"Pamplona Parrilla"}
{"timestamp":"2026-01-30 22:52:08","tipo":"eliminacion_venta","venta_id":"110","eliminar_motivo":"el cliente no tiene con que pagar","venta_total":"25000","sesion_nombres":"Pepito","sesion_apellidos":"Perez","sesion_local":"Pamplona Parrilla"}
{"timestamp":"2026-01-30 22:52:39","tipo":"eliminacion_venta","venta_id":"110","eliminar_motivo":"el cliente no tiene con que pagar","venta_total":"25000","sesion_nombres":"Pepito","sesion_apellidos":"Perez","sesion_local":"Pamplona Parrilla"}
{"timestamp":"2026-01-30 22:52:43","tipo":"eliminacion_venta","venta_id":"110","eliminar_motivo":"el cliente no tiene con que pagar","venta_total":"25000","sesion_nombres":"Pepito","sesion_apellidos":"Perez","sesion_local":"Pamplona Parrilla"}
{"timestamp":"2026-01-30 22:52:48","tipo":"eliminacion_venta","venta_id":"110","eliminar_motivo":"el cliente no tiene con que pagar","venta_total":"25000","sesion_nombres":"Pepito","sesion_apellidos":"Perez","sesion_local":"Pamplona Parrilla"}
{"timestamp":"2026-01-30 22:53:00","tipo":"eliminacion_venta","venta_id":"111","eliminar_motivo":"el cliente no tiene con que pagar","venta_total":"25000","sesion_nombres":"Pepito","sesion_apellidos":"Perez","sesion_local":"Pamplona Parrilla"}
{"timestamp":"2026-01-30 22:53:30","tipo":"eliminacion_venta","venta_id":"111","eliminar_motivo":"el cliente no tiene con que pagar","venta_total":"25000","sesion_nombres":"Pepito","sesion_apellidos":"Perez","sesion_local":"Pamplona Parrilla"}
{"timestamp":"2026-01-30 22:53:54","tipo":"eliminacion_venta","venta_id":"111","eliminar_motivo":"el cliente no tiene con que pagar","venta_total":"25000","sesion_nombres":"Pepito","sesion_apellidos":"Perez","sesion_local":"Pamplona Parrilla"}
{"timestamp":"2026-01-30 22:54:06","tipo":"eliminacion_venta","venta_id":"112","eliminar_motivo":"el cliente se fue sin pagar","venta_total":"13000","sesion_nombres":"Pepito","sesion_apellidos":"Perez","sesion_local":"Pamplona Parrilla"}
{"timestamp":"2026-01-30 22:55:26","tipo":"eliminacion_venta","venta_id":"112","eliminar_motivo":"el cliente se fue sin pagar","venta_total":"13000","sesion_nombres":"Pepito","sesion_apellidos":"Perez","sesion_local":"Pamplona Parrilla"}
{"timestamp":"2026-01-30 22:55:42","tipo":"eliminacion_venta","venta_id":"113","eliminar_motivo":"la venta es muy antigua","venta_total":"13000","sesion_nombres":"Pepito","sesion_apellidos":"Perez","sesion_local":"Pamplona Parrilla"}
{"timestamp":"2026-01-30 22:57:38","tipo":"eliminacion_venta","venta_id":"114","eliminar_motivo":"el cliente se fue sin pagar","venta_total":"25000","sesion_nombres":"Pepito","sesion_apellidos":"Perez","sesion_local":"Pamplona Parrilla"}
{"timestamp":"2026-01-30 22:58:15","tipo":"eliminacion_venta","venta_id":"114","eliminar_motivo":"el cliente se fue sin pagar","venta_total":"25000","sesion_nombres":"Pepito","sesion_apellidos":"Perez","sesion_local":"Pamplona Parrilla"}
{"timestamp":"2026-01-30 22:58:17","tipo":"eliminacion_venta","venta_id":"114","eliminar_motivo":"el cliente se fue sin pagar","venta_total":"25000","sesion_nombres":"Pepito","sesion_apellidos":"Perez","sesion_local":"Pamplona Parrilla"}
{"timestamp":"2026-01-30 22:58:19","tipo":"eliminacion_venta","venta_id":"114","eliminar_motivo":"el cliente se fue sin pagar","venta_total":"25000","sesion_nombres":"Pepito","sesion_apellidos":"Perez","sesion_local":"Pamplona Parrilla"}
{"timestamp":"2026-01-30 22:58:34","tipo":"eliminacion_venta","venta_id":"115","eliminar_motivo":"el cliente cancel\u00f3 el pedido","venta_total":"170000","sesion_nombres":"Pepito","sesion_apellidos":"Perez","sesion_local":"Pamplona Parrilla"}
{"timestamp":"2026-01-30 23:02:47","tipo":"eliminacion_venta","venta_id":"116","eliminar_motivo":"el cliente no tiene con que pagar","venta_total":"0","sesion_nombres":"Pepito","sesion_apellidos":"Perez","sesion_local":"Pamplona Parrilla"}
{"timestamp":"2026-01-30 23:02:50","tipo":"eliminacion_venta","venta_id":"116","eliminar_motivo":"el cliente no tiene con que pagar","venta_total":"0","sesion_nombres":"Pepito","sesion_apellidos":"Perez","sesion_local":"Pamplona Parrilla"}
{"timestamp":"2026-01-30 23:04:03","tipo":"eliminacion_venta","venta_id":"117","eliminar_motivo":"el cliente se fue sin pagar","venta_total":"11500","sesion_nombres":"Pepito","sesion_apellidos":"Perez","sesion_local":"Pamplona Parrilla"}
{"timestamp":"2026-01-30 23:04:47","tipo":"eliminacion_venta","venta_id":"117","eliminar_motivo":"el cliente se fue sin pagar","venta_total":"11500","sesion_nombres":"Pepito","sesion_apellidos":"Perez","sesion_local":"Pamplona Parrilla"}
{"timestamp":"2026-01-30 23:04:58","tipo":"eliminacion_venta","venta_id":"118","eliminar_motivo":"error del usuario que hace la atenci\u00f3n","venta_total":"13000","sesion_nombres":"Pepito","sesion_apellidos":"Perez","sesion_local":"Pamplona Parrilla"}
{"timestamp":"2026-01-30 23:05:28","tipo":"eliminacion_venta","venta_id":"118","eliminar_motivo":"error del usuario que hace la atenci\u00f3n","venta_total":"13000","sesion_nombres":"Pepito","sesion_apellidos":"Perez","sesion_local":"Pamplona Parrilla"}
{"timestamp":"2026-01-30 23:05:59","tipo":"eliminacion_venta","venta_id":"118","eliminar_motivo":"error del usuario que hace la atenci\u00f3n","venta_total":"13000","sesion_nombres":"Pepito","sesion_apellidos":"Perez","sesion_local":"Pamplona Parrilla"}
{"timestamp":"2026-01-30 23:06:30","tipo":"eliminacion_venta","venta_id":"118","eliminar_motivo":"error del usuario que hace la atenci\u00f3n","venta_total":"13000","sesion_nombres":"Pepito","sesion_apellidos":"Perez","sesion_local":"Pamplona Parrilla"}
{"timestamp":"2026-01-30 23:07:01","tipo":"eliminacion_venta","venta_id":"118","eliminar_motivo":"error del usuario que hace la atenci\u00f3n","venta_total":"13000","sesion_nombres":"Pepito","sesion_apellidos":"Perez","sesion_local":"Pamplona Parrilla"}
{"timestamp":"2026-01-30 23:07:32","tipo":"eliminacion_venta","venta_id":"118","eliminar_motivo":"error del usuario que hace la atenci\u00f3n","venta_total":"13000","sesion_nombres":"Pepito","sesion_apellidos":"Perez","sesion_local":"Pamplona Parrilla"}
{"timestamp":"2026-01-30 23:08:03","tipo":"eliminacion_venta","venta_id":"118","eliminar_motivo":"error del usuario que hace la atenci\u00f3n","venta_total":"13000","sesion_nombres":"Pepito","sesion_apellidos":"Perez","sesion_local":"Pamplona Parrilla"}
{"timestamp":"2026-01-30 23:08:33","tipo":"eliminacion_venta","venta_id":"118","eliminar_motivo":"error del usuario que hace la atenci\u00f3n","venta_total":"13000","sesion_nombres":"Pepito","sesion_apellidos":"Perez","sesion_local":"Pamplona Parrilla"}
{"timestamp":"2026-01-30 23:09:04","tipo":"eliminacion_venta","venta_id":"118","eliminar_motivo":"error del usuario que hace la atenci\u00f3n","venta_total":"13000","sesion_nombres":"Pepito","sesion_apellidos":"Perez","sesion_local":"Pamplona Parrilla"}
{"timestamp":"2026-01-30 23:09:39","tipo":"eliminacion_venta","venta_id":"119","eliminar_motivo":"\u00f3rden de administraci\u00f3n","venta_total":"80000","sesion_nombres":"Pepito","sesion_apellidos":"Perez","sesion_local":"Pamplona Parrilla"}
{"timestamp":"2026-01-30 23:11:21","tipo":"eliminacion_venta","venta_id":"120","eliminar_motivo":"\u00f3rden de administraci\u00f3n","venta_total":"46000","sesion_nombres":"Pepito","sesion_apellidos":"Perez","sesion_local":"Pamplona Parrilla"}
{"timestamp":"2026-01-30 23:11:51","tipo":"eliminacion_venta","venta_id":"120","eliminar_motivo":"\u00f3rden de administraci\u00f3n","venta_total":"46000","sesion_nombres":"Pepito","sesion_apellidos":"Perez","sesion_local":"Pamplona Parrilla"}
{"timestamp":"2026-01-30 23:12:21","tipo":"eliminacion_venta","venta_id":"120","eliminar_motivo":"\u00f3rden de administraci\u00f3n","venta_total":"46000","sesion_nombres":"Pepito","sesion_apellidos":"Perez","sesion_local":"Pamplona Parrilla"}
{"timestamp":"2026-01-30 23:12:51","tipo":"eliminacion_venta","venta_id":"120","eliminar_motivo":"\u00f3rden de administraci\u00f3n","venta_total":"46000","sesion_nombres":"Pepito","sesion_apellidos":"Perez","sesion_local":"Pamplona Parrilla"}
{"timestamp":"2026-01-30 23:12:54","tipo":"eliminacion_venta","venta_id":"120","eliminar_motivo":"\u00f3rden de administraci\u00f3n","venta_total":"46000","sesion_nombres":"Pepito","sesion_apellidos":"Perez","sesion_local":"Pamplona Parrilla"}
{"timestamp":"2026-01-30 23:13:05","tipo":"eliminacion_venta","venta_id":"121","eliminar_motivo":"el cliente no tiene con que pagar","venta_total":"170000","sesion_nombres":"Pepito","sesion_apellidos":"Perez","sesion_local":"Pamplona Parrilla"}
